<?xml version="1.0" encoding="UTF-8"?>
<coverage generated="1722570929026" clover="3.2.0">
  <project timestamp="1722570929026" name="All files">
    <metrics statements="27" coveredstatements="6" conditionals="12" coveredconditionals="6" methods="10" coveredmethods="2" elements="49" coveredelements="14" complexity="0" loc="27" ncloc="27" packages="4" files="7" classes="7"/>
    <package name="src">
      <metrics statements="9" coveredstatements="0" conditionals="0" coveredconditionals="0" methods="1" coveredmethods="0"/>
      <file name="constants.js" path="/Volumes/Office/Assessment/ny-articles-app/src/constants.js">
        <metrics statements="2" coveredstatements="0" conditionals="0" coveredconditionals="0" methods="0" coveredmethods="0"/>
        <line num="1" count="0" type="stmt"/>
        <line num="2" count="0" type="stmt"/>
      </file>
      <file name="index.js" path="/Volumes/Office/Assessment/ny-articles-app/src/index.js">
        <metrics statements="4" coveredstatements="0" conditionals="0" coveredconditionals="0" methods="0" coveredmethods="0"/>
        <line num="15" count="0" type="stmt"/>
        <line num="32" count="0" type="stmt"/>
        <line num="33" count="0" type="stmt"/>
        <line num="44" count="0" type="stmt"/>
      </file>
      <file name="store.js" path="/Volumes/Office/Assessment/ny-articles-app/src/store.js">
        <metrics statements="3" coveredstatements="0" conditionals="0" coveredconditionals="0" methods="1" coveredmethods="0"/>
        <line num="5" count="0" type="stmt"/>
        <line num="10" count="0" type="stmt"/>
        <line num="13" count="0" type="stmt"/>
      </file>
    </package>
    <package name="src.components.ArticleDetail">
      <metrics statements="6" coveredstatements="0" conditionals="6" coveredconditionals="0" methods="4" coveredmethods="0"/>
      <file name="ArticleDetail.jsx" path="/Volumes/Office/Assessment/ny-articles-app/src/components/ArticleDetail/ArticleDetail.jsx">
        <metrics statements="6" coveredstatements="0" conditionals="6" coveredconditionals="0" methods="4" coveredmethods="0"/>
        <line num="6" count="0" type="stmt"/>
        <line num="7" count="0" type="stmt"/>
        <line num="8" count="0" type="stmt"/>
        <line num="9" count="0" type="stmt"/>
        <line num="10" count="0" type="stmt"/>
        <line num="11" count="0" type="stmt"/>
      </file>
    </package>
    <package name="src.components.ArticleList">
      <metrics statements="8" coveredstatements="6" conditionals="6" coveredconditionals="6" methods="3" coveredmethods="2"/>
      <file name="ArticleListItem.jsx" path="/Volumes/Office/Assessment/ny-articles-app/src/components/ArticleList/ArticleListItem.jsx">
        <metrics statements="4" coveredstatements="2" conditionals="0" coveredconditionals="0" methods="1" coveredmethods="0"/>
        <line num="6" count="2" type="stmt"/>
        <line num="7" count="0" type="stmt"/>
        <line num="8" count="0" type="stmt"/>
        <line num="19" count="2" type="stmt"/>
      </file>
      <file name="ArticlesList.jsx" path="/Volumes/Office/Assessment/ny-articles-app/src/components/ArticleList/ArticlesList.jsx">
        <metrics statements="4" coveredstatements="4" conditionals="6" coveredconditionals="6" methods="2" coveredmethods="2"/>
        <line num="6" count="3" type="stmt"/>
        <line num="7" count="4" type="stmt"/>
        <line num="8" count="4" type="stmt"/>
        <line num="18" count="2" type="stmt"/>
      </file>
    </package>
    <package name="src.services">
      <metrics statements="4" coveredstatements="0" conditionals="0" coveredconditionals="0" methods="2" coveredmethods="0"/>
      <file name="articles.js" path="/Volumes/Office/Assessment/ny-articles-app/src/services/articles.js">
        <metrics statements="4" coveredstatements="0" conditionals="0" coveredconditionals="0" methods="2" coveredmethods="0"/>
        <line num="4" count="0" type="stmt"/>
        <line num="7" count="0" type="stmt"/>
        <line num="9" count="0" type="stmt"/>
        <line num="14" count="0" type="stmt"/>
      </file>
    </package>
  </project>
</coverage>
