{"/Volumes/Office/Assessment/ny-articles-app/src/constants.js": {"path":"/Volumes/Office/Assessment/ny-articles-app/src/constants.js","statementMap":{"0":{"start":{"line":1,"column":23},"end":{"line":1,"column":57}},"1":{"start":{"line":2,"column":24},"end":{"line":2,"column":69}}},"fnMap":{},"branchMap":{},"s":{"0":0,"1":0},"f":{},"b":{}}
,"/Volumes/Office/Assessment/ny-articles-app/src/index.js": {"path":"/Volumes/Office/Assessment/ny-articles-app/src/index.js","statementMap":{"0":{"start":{"line":15,"column":15},"end":{"line":30,"column":2}},"1":{"start":{"line":32,"column":13},"end":{"line":32,"column":65}},"2":{"start":{"line":33,"column":0},"end":{"line":39,"column":2}},"3":{"start":{"line":44,"column":0},"end":{"line":44,"column":18}}},"fnMap":{},"branchMap":{},"s":{"0":0,"1":0,"2":0,"3":0},"f":{},"b":{}}
,"/Volumes/Office/Assessment/ny-articles-app/src/store.js": {"path":"/Volumes/Office/Assessment/ny-articles-app/src/store.js","statementMap":{"0":{"start":{"line":5,"column":21},"end":{"line":11,"column":2}},"1":{"start":{"line":10,"column":4},"end":{"line":10,"column":57}},"2":{"start":{"line":13,"column":0},"end":{"line":13,"column":30}}},"fnMap":{"0":{"name":"(anonymous_0)","decl":{"start":{"line":9,"column":14},"end":{"line":9,"column":15}},"loc":{"start":{"line":10,"column":4},"end":{"line":10,"column":57}},"line":10}},"branchMap":{},"s":{"0":0,"1":0,"2":0},"f":{"0":0},"b":{}}
,"/Volumes/Office/Assessment/ny-articles-app/src/components/ArticleDetail/ArticleDetail.jsx": {"path":"/Volumes/Office/Assessment/ny-articles-app/src/components/ArticleDetail/ArticleDetail.jsx","statementMap":{"0":{"start":{"line":6,"column":22},"end":{"line":47,"column":1}},"1":{"start":{"line":7,"column":18},"end":{"line":7,"column":49}},"2":{"start":{"line":8,"column":39},"end":{"line":8,"column":60}},"3":{"start":{"line":9,"column":20},"end":{"line":9,"column":142}},"4":{"start":{"line":9,"column":34},"end":{"line":9,"column":109}},"5":{"start":{"line":9,"column":67},"end":{"line":9,"column":103}},"6":{"start":{"line":10,"column":20},"end":{"line":10,"column":97}},"7":{"start":{"line":10,"column":38},"end":{"line":10,"column":80}},"8":{"start":{"line":11,"column":4},"end":{"line":46,"column":7}}},"fnMap":{"0":{"name":"(anonymous_0)","decl":{"start":{"line":6,"column":22},"end":{"line":6,"column":23}},"loc":{"start":{"line":6,"column":28},"end":{"line":47,"column":1}},"line":6},"1":{"name":"(anonymous_1)","decl":{"start":{"line":9,"column":28},"end":{"line":9,"column":29}},"loc":{"start":{"line":9,"column":34},"end":{"line":9,"column":109}},"line":9},"2":{"name":"(anonymous_2)","decl":{"start":{"line":9,"column":56},"end":{"line":9,"column":57}},"loc":{"start":{"line":9,"column":67},"end":{"line":9,"column":103}},"line":9},"3":{"name":"(anonymous_3)","decl":{"start":{"line":10,"column":32},"end":{"line":10,"column":33}},"loc":{"start":{"line":10,"column":38},"end":{"line":10,"column":80}},"line":10}},"branchMap":{"0":{"loc":{"start":{"line":12,"column":9},"end":{"line":12,"column":37}},"type":"binary-expr","locations":[{"start":{"line":12,"column":9},"end":{"line":12,"column":18}},{"start":{"line":12,"column":22},"end":{"line":12,"column":37}}],"line":12},"1":{"loc":{"start":{"line":13,"column":9},"end":{"line":13,"column":42}},"type":"binary-expr","locations":[{"start":{"line":13,"column":9},"end":{"line":13,"column":14}},{"start":{"line":13,"column":18},"end":{"line":13,"column":42}}],"line":13},"2":{"loc":{"start":{"line":14,"column":9},"end":{"line":45,"column":14}},"type":"binary-expr","locations":[{"start":{"line":14,"column":9},"end":{"line":14,"column":16}},{"start":{"line":14,"column":20},"end":{"line":45,"column":14}}],"line":14}},"s":{"0":0,"1":0,"2":0,"3":0,"4":0,"5":0,"6":0,"7":0,"8":0},"f":{"0":0,"1":0,"2":0,"3":0},"b":{"0":[0,0],"1":[0,0],"2":[0,0]}}
,"/Volumes/Office/Assessment/ny-articles-app/src/components/ArticleList/ArticleListItem.jsx": {"path":"/Volumes/Office/Assessment/ny-articles-app/src/components/ArticleList/ArticleListItem.jsx","statementMap":{"0":{"start":{"line":6,"column":25},"end":{"line":17,"column":1}},"1":{"start":{"line":7,"column":20},"end":{"line":7,"column":57}},"2":{"start":{"line":8,"column":4},"end":{"line":16,"column":7}},"3":{"start":{"line":19,"column":0},"end":{"line":25,"column":1}}},"fnMap":{"0":{"name":"(anonymous_0)","decl":{"start":{"line":6,"column":25},"end":{"line":6,"column":26}},"loc":{"start":{"line":6,"column":67},"end":{"line":17,"column":1}},"line":6}},"branchMap":{},"s":{"0":2,"1":0,"2":0,"3":2},"f":{"0":0},"b":{},"_coverageSchema":"1a1c01bbd47fc00a2c39e90264f33305004495a9","hash":"72b915e0e37da9de0908d6d482520b3e42c39cc9"}
,"/Volumes/Office/Assessment/ny-articles-app/src/components/ArticleList/ArticlesList.jsx": {"path":"/Volumes/Office/Assessment/ny-articles-app/src/components/ArticleList/ArticlesList.jsx","statementMap":{"0":{"start":{"line":6,"column":21},"end":{"line":24,"column":1}},"1":{"start":{"line":7,"column":39},"end":{"line":7,"column":60}},"2":{"start":{"line":8,"column":4},"end":{"line":23,"column":7}},"3":{"start":{"line":18,"column":24},"end":{"line":18,"column":79}}},"fnMap":{"0":{"name":"(anonymous_0)","decl":{"start":{"line":6,"column":21},"end":{"line":6,"column":22}},"loc":{"start":{"line":6,"column":27},"end":{"line":24,"column":1}},"line":6},"1":{"name":"(anonymous_1)","decl":{"start":{"line":17,"column":40},"end":{"line":17,"column":41}},"loc":{"start":{"line":18,"column":24},"end":{"line":18,"column":79}},"line":18}},"branchMap":{"0":{"loc":{"start":{"line":9,"column":10},"end":{"line":9,"column":66}},"type":"binary-expr","locations":[{"start":{"line":9,"column":10},"end":{"line":9,"column":19}},{"start":{"line":9,"column":23},"end":{"line":9,"column":66}}],"line":9},"1":{"loc":{"start":{"line":10,"column":10},"end":{"line":10,"column":69}},"type":"binary-expr","locations":[{"start":{"line":10,"column":10},"end":{"line":10,"column":15}},{"start":{"line":10,"column":19},"end":{"line":10,"column":69}}],"line":10},"2":{"loc":{"start":{"line":11,"column":10},"end":{"line":21,"column":18}},"type":"binary-expr","locations":[{"start":{"line":11,"column":10},"end":{"line":11,"column":23}},{"start":{"line":11,"column":27},"end":{"line":21,"column":18}}],"line":11}},"s":{"0":3,"1":4,"2":4,"3":2},"f":{"0":4,"1":2},"b":{"0":[4,1],"1":[4,1],"2":[4,2]},"_coverageSchema":"1a1c01bbd47fc00a2c39e90264f33305004495a9","hash":"5cac94d86e0d0c1d8cfe5381e124989411c18529"}
,"/Volumes/Office/Assessment/ny-articles-app/src/services/articles.js": {"path":"/Volumes/Office/Assessment/ny-articles-app/src/services/articles.js","statementMap":{"0":{"start":{"line":4,"column":27},"end":{"line":12,"column":2}},"1":{"start":{"line":7,"column":27},"end":{"line":11,"column":3}},"2":{"start":{"line":9,"column":19},"end":{"line":9,"column":53}},"3":{"start":{"line":14,"column":39},"end":{"line":14,"column":50}}},"fnMap":{"0":{"name":"(anonymous_0)","decl":{"start":{"line":7,"column":13},"end":{"line":7,"column":14}},"loc":{"start":{"line":7,"column":27},"end":{"line":11,"column":3}},"line":7},"1":{"name":"(anonymous_1)","decl":{"start":{"line":9,"column":13},"end":{"line":9,"column":14}},"loc":{"start":{"line":9,"column":19},"end":{"line":9,"column":53}},"line":9}},"branchMap":{},"s":{"0":0,"1":0,"2":0,"3":0},"f":{"0":0,"1":0},"b":{}}
}
